<?xml version="1.0" encoding="UTF-8"?>
<!-- Generated by org.testng.reporters.JUnitReportReporter -->
<testsuite hostname="DESKTOP-9VDS6PL" failures="0" tests="1" name="Pack23.VerifyToSearchButton" time="33.575" errors="0" timestamp="2022-09-19T21:52:56 IST" skipped="0">
  <testcase classname="Pack23.VerifyToSearchButton" name="verifyToFromHiddenList" time="33.575"/>
  <system-out/>
</testsuite> <!-- Pack23.VerifyToSearchButton -->
